{
  "stats": {
    "suites": 11,
    "tests": 24,
    "passes": 19,
    "pending": 3,
    "failures": 2,
    "start": "2022-08-10T10:15:36.159Z",
    "end": "2022-08-10T10:15:46.818Z",
    "duration": 10659,
    "testsRegistered": 24,
    "passPercent": 90.47619047619048,
    "pendingPercent": 12.5,
    "other": 0,
    "hasOther": false,
    "skipped": 0,
    "hasSkipped": false
  },
  "results": [
    {
      "uuid": "c62d808a-2a64-4ffe-a6c0-83708fdbc770",
      "title": "",
      "fullFile": "",
      "file": "",
      "beforeHooks": [],
      "afterHooks": [],
      "tests": [],
      "suites": [
        {
          "uuid": "8658cf57-525b-4f75-aef9-280841a75937",
          "title": "optimization",
          "fullFile": "C:\\Users\\7000031219\\Desktop\\apiTestingFramework\\test\\CRUD_operation_using_Function.js",
          "file": "\\test\\CRUD_operation_using_Function.js",
          "beforeHooks": [],
          "afterHooks": [],
          "tests": [
            {
              "title": "Post request",
              "fullTitle": "optimization Post request",
              "timedOut": false,
              "duration": 712,
              "state": "passed",
              "speed": "slow",
              "pass": true,
              "fail": false,
              "pending": false,
              "context": null,
              "code": "var self = this, args = arguments; return new Promise(function (resolve, reject) { var gen = fn.apply(self, args); function _next(value) { asyncGeneratorStep(gen, resolve, reject, _next, _throw, \"next\", value); } function _throw(err) { asyncGeneratorStep(gen, resolve, reject, _next, _throw, \"throw\", err); } _next(undefined); });",
              "err": {},
              "uuid": "75b1aeb0-bf86-4361-bc3a-19953dd6ed8e",
              "parentUUID": "8658cf57-525b-4f75-aef9-280841a75937",
              "isHook": false,
              "skipped": false
            },
            {
              "title": "Get request",
              "fullTitle": "optimization Get request",
              "timedOut": false,
              "duration": 625,
              "state": "passed",
              "speed": "slow",
              "pass": true,
              "fail": false,
              "pending": false,
              "context": null,
              "code": "var self = this, args = arguments; return new Promise(function (resolve, reject) { var gen = fn.apply(self, args); function _next(value) { asyncGeneratorStep(gen, resolve, reject, _next, _throw, \"next\", value); } function _throw(err) { asyncGeneratorStep(gen, resolve, reject, _next, _throw, \"throw\", err); } _next(undefined); });",
              "err": {},
              "uuid": "fd1fa406-de7a-45e1-8dce-1319eae3bae4",
              "parentUUID": "8658cf57-525b-4f75-aef9-280841a75937",
              "isHook": false,
              "skipped": false
            },
            {
              "title": "Put request",
              "fullTitle": "optimization Put request",
              "timedOut": false,
              "duration": 525,
              "state": "passed",
              "speed": "slow",
              "pass": true,
              "fail": false,
              "pending": false,
              "context": null,
              "code": "var self = this, args = arguments; return new Promise(function (resolve, reject) { var gen = fn.apply(self, args); function _next(value) { asyncGeneratorStep(gen, resolve, reject, _next, _throw, \"next\", value); } function _throw(err) { asyncGeneratorStep(gen, resolve, reject, _next, _throw, \"throw\", err); } _next(undefined); });",
              "err": {},
              "uuid": "ce7b4e60-1fb3-40c2-94ec-2a32f6284621",
              "parentUUID": "8658cf57-525b-4f75-aef9-280841a75937",
              "isHook": false,
              "skipped": false
            },
            {
              "title": "Delete request",
              "fullTitle": "optimization Delete request",
              "timedOut": false,
              "duration": 510,
              "state": "passed",
              "speed": "slow",
              "pass": true,
              "fail": false,
              "pending": false,
              "context": null,
              "code": "var self = this, args = arguments; return new Promise(function (resolve, reject) { var gen = fn.apply(self, args); function _next(value) { asyncGeneratorStep(gen, resolve, reject, _next, _throw, \"next\", value); } function _throw(err) { asyncGeneratorStep(gen, resolve, reject, _next, _throw, \"throw\", err); } _next(undefined); });",
              "err": {},
              "uuid": "b9da11b3-0d4a-4b9b-91d6-106ddea362bd",
              "parentUUID": "8658cf57-525b-4f75-aef9-280841a75937",
              "isHook": false,
              "skipped": false
            }
          ],
          "suites": [],
          "passes": [
            "75b1aeb0-bf86-4361-bc3a-19953dd6ed8e",
            "fd1fa406-de7a-45e1-8dce-1319eae3bae4",
            "ce7b4e60-1fb3-40c2-94ec-2a32f6284621",
            "b9da11b3-0d4a-4b9b-91d6-106ddea362bd"
          ],
          "failures": [],
          "pending": [],
          "skipped": [],
          "duration": 2372,
          "root": false,
          "rootEmpty": false,
          "_timeout": 2000
        },
        {
          "uuid": "2ea48b1f-fd53-4c24-9365-eee05218de47",
          "title": "Using async wait",
          "fullFile": "C:\\Users\\7000031219\\Desktop\\apiTestingFramework\\test\\optimisedTest.js",
          "file": "\\test\\optimisedTest.js",
          "beforeHooks": [
            {
              "title": "\"before all\" hook in \"Using async wait\"",
              "fullTitle": "Using async wait \"before all\" hook in \"Using async wait\"",
              "timedOut": false,
              "duration": 495,
              "state": null,
              "speed": null,
              "pass": false,
              "fail": false,
              "pending": false,
              "context": null,
              "code": "var self = this, args = arguments; return new Promise(function (resolve, reject) { var gen = fn.apply(self, args); function _next(value) { asyncGeneratorStep(gen, resolve, reject, _next, _throw, \"next\", value); } function _throw(err) { asyncGeneratorStep(gen, resolve, reject, _next, _throw, \"throw\", err); } _next(undefined); });",
              "err": {},
              "uuid": "65cd3e58-57a8-4985-ad84-36085cbffa88",
              "parentUUID": "2ea48b1f-fd53-4c24-9365-eee05218de47",
              "isHook": true,
              "skipped": false
            }
          ],
          "afterHooks": [],
          "tests": [
            {
              "title": "Post/users",
              "fullTitle": "Using async wait Post/users",
              "timedOut": false,
              "duration": 299,
              "state": "passed",
              "speed": "slow",
              "pass": true,
              "fail": false,
              "pending": false,
              "context": null,
              "code": "var self = this, args = arguments; return new Promise(function (resolve, reject) { var gen = fn.apply(self, args); function _next(value) { asyncGeneratorStep(gen, resolve, reject, _next, _throw, \"next\", value); } function _throw(err) { asyncGeneratorStep(gen, resolve, reject, _next, _throw, \"throw\", err); } _next(undefined); });",
              "err": {},
              "uuid": "af5618c2-66a5-459e-b47f-09137d5d3b51",
              "parentUUID": "2ea48b1f-fd53-4c24-9365-eee05218de47",
              "isHook": false,
              "skipped": false
            },
            {
              "title": "GET/posts/id",
              "fullTitle": "Using async wait GET/posts/id",
              "timedOut": false,
              "duration": 559,
              "state": "passed",
              "speed": "slow",
              "pass": true,
              "fail": false,
              "pending": false,
              "context": null,
              "code": "var self = this, args = arguments; return new Promise(function (resolve, reject) { var gen = fn.apply(self, args); function _next(value) { asyncGeneratorStep(gen, resolve, reject, _next, _throw, \"next\", value); } function _throw(err) { asyncGeneratorStep(gen, resolve, reject, _next, _throw, \"throw\", err); } _next(undefined); });",
              "err": {},
              "uuid": "be88d419-84a5-4b6b-b905-93b2789e144c",
              "parentUUID": "2ea48b1f-fd53-4c24-9365-eee05218de47",
              "isHook": false,
              "skipped": false
            }
          ],
          "suites": [],
          "passes": [
            "af5618c2-66a5-459e-b47f-09137d5d3b51",
            "be88d419-84a5-4b6b-b905-93b2789e144c"
          ],
          "failures": [],
          "pending": [],
          "skipped": [],
          "duration": 858,
          "root": false,
          "rootEmpty": false,
          "_timeout": 2000
        },
        {
          "uuid": "a95540c5-a047-4439-9a27-6981506cf225",
          "title": "Using async wait",
          "fullFile": "C:\\Users\\7000031219\\Desktop\\apiTestingFramework\\test\\post_User_Using_Async_Wait.js",
          "file": "\\test\\post_User_Using_Async_Wait.js",
          "beforeHooks": [
            {
              "title": "\"before all\" hook in \"Using async wait\"",
              "fullTitle": "Using async wait \"before all\" hook in \"Using async wait\"",
              "timedOut": false,
              "duration": 474,
              "state": null,
              "speed": null,
              "pass": false,
              "fail": false,
              "pending": false,
              "context": null,
              "code": "var self = this, args = arguments; return new Promise(function (resolve, reject) { var gen = fn.apply(self, args); function _next(value) { asyncGeneratorStep(gen, resolve, reject, _next, _throw, \"next\", value); } function _throw(err) { asyncGeneratorStep(gen, resolve, reject, _next, _throw, \"throw\", err); } _next(undefined); });",
              "err": {},
              "uuid": "498061c4-3faa-4cd6-bcef-47d34a79d01e",
              "parentUUID": "a95540c5-a047-4439-9a27-6981506cf225",
              "isHook": true,
              "skipped": false
            }
          ],
          "afterHooks": [],
          "tests": [
            {
              "title": "Post/users",
              "fullTitle": "Using async wait Post/users",
              "timedOut": false,
              "duration": 495,
              "state": "passed",
              "speed": "slow",
              "pass": true,
              "fail": false,
              "pending": false,
              "context": null,
              "code": "var self = this, args = arguments; return new Promise(function (resolve, reject) { var gen = fn.apply(self, args); function _next(value) { asyncGeneratorStep(gen, resolve, reject, _next, _throw, \"next\", value); } function _throw(err) { asyncGeneratorStep(gen, resolve, reject, _next, _throw, \"throw\", err); } _next(undefined); });",
              "err": {},
              "uuid": "1a86dcdb-5f20-44ca-907f-d985706ae105",
              "parentUUID": "a95540c5-a047-4439-9a27-6981506cf225",
              "isHook": false,
              "skipped": false
            },
            {
              "title": "GET/posts/id",
              "fullTitle": "Using async wait GET/posts/id",
              "timedOut": false,
              "duration": 351,
              "state": "passed",
              "speed": "slow",
              "pass": true,
              "fail": false,
              "pending": false,
              "context": null,
              "code": "var self = this, args = arguments; return new Promise(function (resolve, reject) { var gen = fn.apply(self, args); function _next(value) { asyncGeneratorStep(gen, resolve, reject, _next, _throw, \"next\", value); } function _throw(err) { asyncGeneratorStep(gen, resolve, reject, _next, _throw, \"throw\", err); } _next(undefined); });",
              "err": {},
              "uuid": "009c4ee2-049d-4816-adb8-fc2362000331",
              "parentUUID": "a95540c5-a047-4439-9a27-6981506cf225",
              "isHook": false,
              "skipped": false
            }
          ],
          "suites": [],
          "passes": [
            "1a86dcdb-5f20-44ca-907f-d985706ae105",
            "009c4ee2-049d-4816-adb8-fc2362000331"
          ],
          "failures": [],
          "pending": [],
          "skipped": [],
          "duration": 846,
          "root": false,
          "rootEmpty": false,
          "_timeout": 2000
        },
        {
          "uuid": "49420763-104b-4d0a-b39a-69c682ced931",
          "title": "Negative Testing",
          "fullFile": "C:\\Users\\7000031219\\Desktop\\apiTestingFramework\\test\\post_User_Using_Async_Wait.js",
          "file": "\\test\\post_User_Using_Async_Wait.js",
          "beforeHooks": [],
          "afterHooks": [],
          "tests": [
            {
              "title": "401 Authentication error",
              "fullTitle": "Negative Testing 401 Authentication error",
              "timedOut": false,
              "duration": 534,
              "state": "passed",
              "speed": "slow",
              "pass": true,
              "fail": false,
              "pending": false,
              "context": null,
              "code": "var self = this, args = arguments; return new Promise(function (resolve, reject) { var gen = fn.apply(self, args); function _next(value) { asyncGeneratorStep(gen, resolve, reject, _next, _throw, \"next\", value); } function _throw(err) { asyncGeneratorStep(gen, resolve, reject, _next, _throw, \"throw\", err); } _next(undefined); });",
              "err": {},
              "uuid": "315b3e75-740e-4321-9ded-65404874111e",
              "parentUUID": "49420763-104b-4d0a-b39a-69c682ced931",
              "isHook": false,
              "skipped": false
            },
            {
              "title": "422 Validation failed",
              "fullTitle": "Negative Testing 422 Validation failed",
              "timedOut": false,
              "duration": 444,
              "state": "failed",
              "speed": null,
              "pass": false,
              "fail": true,
              "pending": false,
              "context": null,
              "code": "var self = this, args = arguments; return new Promise(function (resolve, reject) { var gen = fn.apply(self, args); function _next(value) { asyncGeneratorStep(gen, resolve, reject, _next, _throw, \"next\", value); } function _throw(err) { asyncGeneratorStep(gen, resolve, reject, _next, _throw, \"throw\", err); } _next(undefined); });",
              "err": {
                "message": "AssertionError: expected 'title' to equal 'body'",
                "estack": "AssertionError: expected 'title' to equal 'body'\n    at _callee5$ (test\\/post_User_Using_Async_Wait.js:92:45)\n    at tryCatch (test\\post_User_Using_Async_Wait.js:13:2404)\n    at Generator._invoke (test\\post_User_Using_Async_Wait.js:13:1964)\n    at Generator.next (test\\post_User_Using_Async_Wait.js:13:3255)\n    at asyncGeneratorStep (test\\post_User_Using_Async_Wait.js:15:103)\n    at _next (test\\post_User_Using_Async_Wait.js:17:194)\n    at processTicksAndRejections (internal/process/task_queues.js:95:5)",
                "diff": "- title\n+ body\n"
              },
              "uuid": "4573ad82-68a0-46a3-9b67-549917885ccf",
              "parentUUID": "49420763-104b-4d0a-b39a-69c682ced931",
              "isHook": false,
              "skipped": false
            }
          ],
          "suites": [],
          "passes": [
            "315b3e75-740e-4321-9ded-65404874111e"
          ],
          "failures": [
            "4573ad82-68a0-46a3-9b67-549917885ccf"
          ],
          "pending": [],
          "skipped": [],
          "duration": 978,
          "root": false,
          "rootEmpty": false,
          "_timeout": 2000
        },
        {
          "uuid": "f572b200-e3f8-4822-9264-126d744ce242",
          "title": "reqres suite",
          "fullFile": "C:\\Users\\7000031219\\Desktop\\apiTestingFramework\\test\\reqresTest.js",
          "file": "\\test\\reqresTest.js",
          "beforeHooks": [],
          "afterHooks": [],
          "tests": [
            {
              "title": "get/resources",
              "fullTitle": "reqres suite get/resources",
              "timedOut": false,
              "duration": 0,
              "state": "pending",
              "speed": null,
              "pass": false,
              "fail": false,
              "pending": true,
              "context": null,
              "code": "",
              "err": {},
              "uuid": "67878e02-ac63-4586-bd8e-e19a6dff9b85",
              "parentUUID": "f572b200-e3f8-4822-9264-126d744ce242",
              "isHook": false,
              "skipped": false
            },
            {
              "title": "reqres get users wrt page",
              "fullTitle": "reqres suite reqres get users wrt page",
              "timedOut": false,
              "duration": 0,
              "state": "pending",
              "speed": null,
              "pass": false,
              "fail": false,
              "pending": true,
              "context": null,
              "code": "",
              "err": {},
              "uuid": "223749ba-c327-435a-82c3-5d9c33803b64",
              "parentUUID": "f572b200-e3f8-4822-9264-126d744ce242",
              "isHook": false,
              "skipped": false
            },
            {
              "title": "reqres get users wrt id",
              "fullTitle": "reqres suite reqres get users wrt id",
              "timedOut": false,
              "duration": 0,
              "state": "pending",
              "speed": null,
              "pass": false,
              "fail": false,
              "pending": true,
              "context": null,
              "code": "",
              "err": {},
              "uuid": "9692a115-cfc0-417e-afd2-1e12f8007734",
              "parentUUID": "f572b200-e3f8-4822-9264-126d744ce242",
              "isHook": false,
              "skipped": false
            }
          ],
          "suites": [],
          "passes": [],
          "failures": [],
          "pending": [
            "67878e02-ac63-4586-bd8e-e19a6dff9b85",
            "223749ba-c327-435a-82c3-5d9c33803b64",
            "9692a115-cfc0-417e-afd2-1e12f8007734"
          ],
          "skipped": [],
          "duration": 0,
          "root": false,
          "rootEmpty": false,
          "_timeout": 2000
        },
        {
          "uuid": "6eb7c0a8-9335-43d8-8270-efc1f6fa9b44",
          "title": "Users",
          "fullFile": "C:\\Users\\7000031219\\Desktop\\apiTestingFramework\\test\\users.js",
          "file": "\\test\\users.js",
          "beforeHooks": [],
          "afterHooks": [],
          "tests": [
            {
              "title": "Get/users",
              "fullTitle": "Users Get/users",
              "timedOut": false,
              "duration": 530,
              "state": "passed",
              "speed": "slow",
              "pass": true,
              "fail": false,
              "pending": false,
              "context": null,
              "code": "request.get(\"users\") // .query({gender :'female'})\n.end(function (err, res) {\n  // console.log(err);\n  // console.log(res);\n  console.log(res.body);\n  (0, _chai.expect)(res.body.data).to.not.be[\"null\"];\n  done();\n});",
              "err": {},
              "uuid": "5df8e28c-6adf-4356-9dad-9cbafe0522c6",
              "parentUUID": "6eb7c0a8-9335-43d8-8270-efc1f6fa9b44",
              "isHook": false,
              "skipped": false
            },
            {
              "title": "Get/users/:id",
              "fullTitle": "Users Get/users/:id",
              "timedOut": false,
              "duration": 301,
              "state": "passed",
              "speed": "slow",
              "pass": true,
              "fail": false,
              "pending": false,
              "context": null,
              "code": "request.get(\"users/2875?access-token=\".concat(accessToken)).end(function (err, res) {\n  // console.log(err);\n  console.log(res.body); // expect(res.body.data).to.not.be.null;\n  (0, _chai.expect)(res.body.id).to.equal(2875);\n  done();\n});",
              "err": {},
              "uuid": "48260081-d637-404a-b433-1084b432c46c",
              "parentUUID": "6eb7c0a8-9335-43d8-8270-efc1f6fa9b44",
              "isHook": false,
              "skipped": false
            },
            {
              "title": "Get/users?queryParameters",
              "fullTitle": "Users Get/users?queryParameters",
              "timedOut": false,
              "duration": 485,
              "state": "passed",
              "speed": "slow",
              "pass": true,
              "fail": false,
              "pending": false,
              "context": null,
              "code": "var url = \"users?access-token=\".concat(accessToken, \"&page=5&gender=male&status=active\");\nreturn request.get(url) // .query({ page: '5',gender :'female'})\n.then(function (res) {\n  // console.log(err);\n  console.log(res.body); // expect(res.body.data).to.not.be.null;\n  // expect(res.body.page).to.eq(5);\n  // console.log(res.body[0]);\n  // expect(res.body[0].id).to.eq(2893);\n  res.body.forEach(function (data) {\n    (0, _chai.expect)(data.gender).to.eq('male');\n    (0, _chai.expect)(data.status).to.eq('active');\n  });\n});",
              "err": {},
              "uuid": "8238d808-eb7c-4aed-a36c-21f9ebb6f01d",
              "parentUUID": "6eb7c0a8-9335-43d8-8270-efc1f6fa9b44",
              "isHook": false,
              "skipped": false
            },
            {
              "title": "Post/user with blank details",
              "fullTitle": "Users Post/user with blank details",
              "timedOut": false,
              "duration": 449,
              "state": "passed",
              "speed": "slow",
              "pass": true,
              "fail": false,
              "pending": false,
              "context": null,
              "code": "var data = {};\nreturn request.post('users').set('Authorization', \"Bearer \".concat(accessToken)).send(data).then(function (res) {\n  console.log(res.body);\n  console.log(res.body[0].field);\n  console.log(res.body[0].message);\n  (0, _chai.expect)(res.body[0].message).to.eq(\"can't be blank\"); // expect(res.body.email.message).to.eq(\"can't be blank\")\n});",
              "err": {},
              "uuid": "d056cd8d-a05f-4bf6-8577-e51814ea2c4c",
              "parentUUID": "6eb7c0a8-9335-43d8-8270-efc1f6fa9b44",
              "isHook": false,
              "skipped": false
            },
            {
              "title": "Post/user with data",
              "fullTitle": "Users Post/user with data",
              "timedOut": false,
              "duration": 428,
              "state": "passed",
              "speed": "slow",
              "pass": true,
              "fail": false,
              "pending": false,
              "context": null,
              "code": "var data = {\n  \"email\": _faker.faker.internet.email(),\n  \"name\": _faker.faker.name.findName(),\n  \"gender\": \"male\",\n  \"status\": \"active\"\n};\nreturn request.post('users').set('Authorization', \"Bearer \".concat(accessToken)).send(data).then(function (res) {\n  console.log(res.body);\n  console.log(res.body.id); //    expect(res.body[0].message).to.eq(\"can't be blank\");\n  // expect(res.body.email.message).to.eq(\"can't be blank\")\n  (0, _chai.expect)(res.status).to.eq(201);\n});",
              "err": {},
              "uuid": "69c8d2e1-a8bc-40ed-89f2-d1d02a338311",
              "parentUUID": "6eb7c0a8-9335-43d8-8270-efc1f6fa9b44",
              "isHook": false,
              "skipped": false
            },
            {
              "title": "Put/users/:id",
              "fullTitle": "Users Put/users/:id",
              "timedOut": false,
              "duration": 448,
              "state": "passed",
              "speed": "slow",
              "pass": true,
              "fail": false,
              "pending": false,
              "context": null,
              "code": "var data = {\n  name: \"Employee + \".concat(Math.floor(Math.random() * 10000)),\n  status: 'active'\n};\nreturn request.put('users/2738').set('Authorization', \"Bearer \".concat(accessToken)).send(data).then(function (res) {\n  console.log(res.body);\n  console.log(res.status);\n  (0, _chai.expect)(res.body).to.deep.include(data);\n});",
              "err": {},
              "uuid": "65ac1e5e-8e36-47a4-9c59-547cee936cac",
              "parentUUID": "6eb7c0a8-9335-43d8-8270-efc1f6fa9b44",
              "isHook": false,
              "skipped": false
            },
            {
              "title": "Delete/users/:id",
              "fullTitle": "Users Delete/users/:id",
              "timedOut": false,
              "duration": 462,
              "state": "failed",
              "speed": null,
              "pass": false,
              "fail": true,
              "pending": false,
              "context": null,
              "code": "return request[\"delete\"]('users/2866').set('Authorization', \"Bearer \".concat(accessToken)).then(function (res) {\n  console.log(res.body);\n  console.log(res.status);\n  (0, _chai.expect)(res.status).to.eq(204);\n});",
              "err": {
                "message": "AssertionError: expected 404 to equal 204",
                "estack": "AssertionError: expected 404 to equal 204\n    at C:\\Users\\7000031219\\Desktop\\apiTestingFramework\\test\\/users.js:143:35\n    at processTicksAndRejections (internal/process/task_queues.js:95:5)",
                "diff": "- 404\n+ 204\n"
              },
              "uuid": "51822bc3-8af2-43c8-b2b0-e192c644dd15",
              "parentUUID": "6eb7c0a8-9335-43d8-8270-efc1f6fa9b44",
              "isHook": false,
              "skipped": false
            }
          ],
          "suites": [],
          "passes": [
            "5df8e28c-6adf-4356-9dad-9cbafe0522c6",
            "48260081-d637-404a-b433-1084b432c46c",
            "8238d808-eb7c-4aed-a36c-21f9ebb6f01d",
            "d056cd8d-a05f-4bf6-8577-e51814ea2c4c",
            "69c8d2e1-a8bc-40ed-89f2-d1d02a338311",
            "65ac1e5e-8e36-47a4-9c59-547cee936cac"
          ],
          "failures": [
            "51822bc3-8af2-43c8-b2b0-e192c644dd15"
          ],
          "pending": [],
          "skipped": [],
          "duration": 3103,
          "root": false,
          "rootEmpty": false,
          "_timeout": 2000
        },
        {
          "uuid": "83965d27-da9c-46b9-8bd6-9c745bb8387a",
          "title": "Users",
          "fullFile": "C:\\Users\\7000031219\\Desktop\\apiTestingFramework\\test\\users_CRUD_operation.js",
          "file": "\\test\\users_CRUD_operation.js",
          "beforeHooks": [],
          "afterHooks": [],
          "tests": [],
          "suites": [
            {
              "uuid": "f1ec1105-c2cf-407c-970c-e989c49c6e61",
              "title": "Post",
              "fullFile": "C:\\Users\\7000031219\\Desktop\\apiTestingFramework\\test\\users_CRUD_operation.js",
              "file": "\\test\\users_CRUD_operation.js",
              "beforeHooks": [],
              "afterHooks": [],
              "tests": [
                {
                  "title": "Post/user with data",
                  "fullTitle": "Users Post Post/user with data",
                  "timedOut": false,
                  "duration": 295,
                  "state": "passed",
                  "speed": "slow",
                  "pass": true,
                  "fail": false,
                  "pending": false,
                  "context": null,
                  "code": "var data = {\n  email: \"sony\".concat(randomNum, \"@yahoo.com\"),\n  name: \"sony\".concat(randomNum),\n  gender: \"male\",\n  status: \"active\"\n};\nreturn request.post('users').set('Authorization', \"Bearer \".concat(accessToken)).send(data).then(function (res) {\n  console.log(res.body);\n  console.log(res.body.id);\n  (0, _chai.expect)(res.status).to.eq(201);\n  (0, _chai.expect)(res.body).to.deep.include(data);\n  userId = res.body.id;\n});",
                  "err": {},
                  "uuid": "0c9660e3-daf9-4f47-9598-07ac87a77f37",
                  "parentUUID": "f1ec1105-c2cf-407c-970c-e989c49c6e61",
                  "isHook": false,
                  "skipped": false
                }
              ],
              "suites": [],
              "passes": [
                "0c9660e3-daf9-4f47-9598-07ac87a77f37"
              ],
              "failures": [],
              "pending": [],
              "skipped": [],
              "duration": 295,
              "root": false,
              "rootEmpty": false,
              "_timeout": 2000
            },
            {
              "uuid": "70fb0de7-cdd1-4739-9c5a-593db36f26c0",
              "title": "Get information of created user",
              "fullFile": "C:\\Users\\7000031219\\Desktop\\apiTestingFramework\\test\\users_CRUD_operation.js",
              "file": "\\test\\users_CRUD_operation.js",
              "beforeHooks": [],
              "afterHooks": [],
              "tests": [
                {
                  "title": "Get/users/:id",
                  "fullTitle": "Users Get information of created user Get/users/:id",
                  "timedOut": false,
                  "duration": 284,
                  "state": "passed",
                  "speed": "slow",
                  "pass": true,
                  "fail": false,
                  "pending": false,
                  "context": null,
                  "code": "request.get(\"users/\".concat(userId, \"?access-token=\").concat(accessToken)).end(function (err, res) {\n  // console.log(err);\n  console.log(res.body); // expect(res.body.data).to.not.be.null;\n  (0, _chai.expect)(res.body.id).to.be.eq(userId);\n  done();\n});",
                  "err": {},
                  "uuid": "1b151315-92fc-47e8-8b34-f2efb3dbb1fd",
                  "parentUUID": "70fb0de7-cdd1-4739-9c5a-593db36f26c0",
                  "isHook": false,
                  "skipped": false
                }
              ],
              "suites": [],
              "passes": [
                "1b151315-92fc-47e8-8b34-f2efb3dbb1fd"
              ],
              "failures": [],
              "pending": [],
              "skipped": [],
              "duration": 284,
              "root": false,
              "rootEmpty": false,
              "_timeout": 2000
            },
            {
              "uuid": "d47c5dbe-f536-454e-a23a-4f81ae32b24b",
              "title": "Update the created user",
              "fullFile": "C:\\Users\\7000031219\\Desktop\\apiTestingFramework\\test\\users_CRUD_operation.js",
              "file": "\\test\\users_CRUD_operation.js",
              "beforeHooks": [],
              "afterHooks": [],
              "tests": [
                {
                  "title": "Put/users/:id",
                  "fullTitle": "Users Update the created user Put/users/:id",
                  "timedOut": false,
                  "duration": 448,
                  "state": "passed",
                  "speed": "slow",
                  "pass": true,
                  "fail": false,
                  "pending": false,
                  "context": null,
                  "code": "var data = {\n  name: \"automation + \".concat(randomNum),\n  status: 'active'\n};\nreturn request.put(\"users/\".concat(userId)).set('Authorization', \"Bearer \".concat(accessToken)).send(data).then(function (res) {\n  console.log(res.body);\n  console.log(res.status);\n  (0, _chai.expect)(res.body).to.deep.include(data);\n});",
                  "err": {},
                  "uuid": "b6033564-316e-4032-8334-50eda68375a7",
                  "parentUUID": "d47c5dbe-f536-454e-a23a-4f81ae32b24b",
                  "isHook": false,
                  "skipped": false
                }
              ],
              "suites": [],
              "passes": [
                "b6033564-316e-4032-8334-50eda68375a7"
              ],
              "failures": [],
              "pending": [],
              "skipped": [],
              "duration": 448,
              "root": false,
              "rootEmpty": false,
              "_timeout": 2000
            },
            {
              "uuid": "923036de-05a4-4b9b-9583-6e01aef25800",
              "title": "Delete the created user",
              "fullFile": "C:\\Users\\7000031219\\Desktop\\apiTestingFramework\\test\\users_CRUD_operation.js",
              "file": "\\test\\users_CRUD_operation.js",
              "beforeHooks": [],
              "afterHooks": [],
              "tests": [
                {
                  "title": "Delete/users/:id",
                  "fullTitle": "Users Delete the created user Delete/users/:id",
                  "timedOut": false,
                  "duration": 429,
                  "state": "passed",
                  "speed": "slow",
                  "pass": true,
                  "fail": false,
                  "pending": false,
                  "context": null,
                  "code": "return request[\"delete\"](\"users/\".concat(userId)).set('Authorization', \"Bearer \".concat(accessToken)).then(function (res) {\n  console.log(res.body);\n  console.log(res.status);\n  (0, _chai.expect)(res.status).to.eq(204);\n});",
                  "err": {},
                  "uuid": "bd947678-831e-4ece-9f9d-105c01a4bd80",
                  "parentUUID": "923036de-05a4-4b9b-9583-6e01aef25800",
                  "isHook": false,
                  "skipped": false
                }
              ],
              "suites": [],
              "passes": [
                "bd947678-831e-4ece-9f9d-105c01a4bd80"
              ],
              "failures": [],
              "pending": [],
              "skipped": [],
              "duration": 429,
              "root": false,
              "rootEmpty": false,
              "_timeout": 2000
            }
          ],
          "passes": [],
          "failures": [],
          "pending": [],
          "skipped": [],
          "duration": 0,
          "root": false,
          "rootEmpty": false,
          "_timeout": 2000
        }
      ],
      "passes": [],
      "failures": [],
      "pending": [],
      "skipped": [],
      "duration": 0,
      "root": true,
      "rootEmpty": true,
      "_timeout": 2000
    }
  ],
  "meta": {
    "mocha": {
      "version": "10.0.0"
    },
    "mochawesome": {
      "options": {
        "quiet": false,
        "reportFilename": "mochawesome",
        "saveHtml": true,
        "saveJson": true,
        "consoleReporter": "spec",
        "useInlineDiffs": false,
        "code": true
      },
      "version": "7.1.3"
    },
    "marge": {
      "options": null,
      "version": "6.2.0"
    }
  }
}