{
  "stats": {
    "suites": 1,
    "tests": 1,
    "passes": 1,
    "pending": 0,
    "failures": 0,
    "start": "2022-07-27T04:25:25.189Z",
    "end": "2022-07-27T04:25:26.084Z",
    "duration": 895,
    "testsRegistered": 1,
    "passPercent": 100,
    "pendingPercent": 0,
    "other": 0,
    "hasOther": false,
    "skipped": 0,
    "hasSkipped": false
  },
  "results": [
    {
      "uuid": "97b0367d-8585-4e05-8e74-e2f75eae6e10",
      "title": "",
      "fullFile": "C:\\Users\\7000031219\\Desktop\\apiTestingFramework\\test\\users.js",
      "file": "\\test\\users.js",
      "beforeHooks": [],
      "afterHooks": [],
      "tests": [],
      "suites": [
        {
          "uuid": "b31de9f1-8a97-44b8-8528-424042c504fc",
          "title": "Users",
          "fullFile": "C:\\Users\\7000031219\\Desktop\\apiTestingFramework\\test\\users.js",
          "file": "\\test\\users.js",
          "beforeHooks": [],
          "afterHooks": [],
          "tests": [
            {
              "title": "Get/users",
              "fullTitle": "Users Get/users",
              "timedOut": false,
              "duration": 886,
              "state": "passed",
              "speed": "slow",
              "pass": true,
              "fail": false,
              "pending": false,
              "context": null,
              "code": "request.get(\"users?access-token=\".concat(accessToken)).set('page', '5').end(function (err, res) {\n  // console.log(err);\n  console.log(res);\n  console.log(res.body);\n  (0, _chai.expect)(res.body.data).to.not.be[\"null\"];\n  done();\n});",
              "err": {},
              "uuid": "c8f24f1f-58ac-4d68-8943-d751702015cf",
              "parentUUID": "b31de9f1-8a97-44b8-8528-424042c504fc",
              "isHook": false,
              "skipped": false
            }
          ],
          "suites": [],
          "passes": [
            "c8f24f1f-58ac-4d68-8943-d751702015cf"
          ],
          "failures": [],
          "pending": [],
          "skipped": [],
          "duration": 886,
          "root": false,
          "rootEmpty": false,
          "_timeout": 5000
        }
      ],
      "passes": [],
      "failures": [],
      "pending": [],
      "skipped": [],
      "duration": 0,
      "root": true,
      "rootEmpty": true,
      "_timeout": 5000
    }
  ],
  "meta": {
    "mocha": {
      "version": "10.0.0"
    },
    "mochawesome": {
      "options": {
        "quiet": false,
        "reportFilename": "mochawesome",
        "saveHtml": true,
        "saveJson": true,
        "consoleReporter": "spec",
        "useInlineDiffs": false,
        "code": true
      },
      "version": "7.1.3"
    },
    "marge": {
      "options": null,
      "version": "6.2.0"
    }
  }
}